[2022-09-13 14:44:48,924][config.py 42][INFO]: 加载 D:\code\newriver_api\config\config.ini 文件......
[2022-09-13 14:44:48,924][config.py 46][INFO]: 读到数据 ==>>  {'host': {'api_root_url': 'https://newrivertest.agentgo.me/#/stats'}, 'mysql': {'MYSQL_HOST': '16.162.21.39', 'MYSQL_PORT': '13306', 'MYSQL_USER': 'root', 'MYSQL_PASSWD': 'root@123'}} 
[2022-09-13 14:45:09,249][config.py 42][INFO]: 加载 D:\code\newriver_api\config\config.ini 文件......
[2022-09-13 14:45:09,250][config.py 46][INFO]: 读到数据 ==>>  {'host': {'api_root_url': 'https://newrivertest.agentgo.me/#/stats'}, 'mysql': {'MYSQL_HOST': '16.162.21.39', 'MYSQL_PORT': '13306', 'MYSQL_USER': 'root', 'MYSQL_PASSWD': 'root@123'}} 
[2022-09-13 14:46:11,247][config.py 42][INFO]: 加载 D:\code\newriver_api\config\config.ini 文件......
[2022-09-13 14:46:11,248][config.py 46][INFO]: 读到数据 ==>>  {'host': {'api_root_url': 'https://newrivertest.agentgo.me/#/stats'}, 'mysql': {'MYSQL_HOST': '16.162.21.39', 'MYSQL_PORT': '13306', 'MYSQL_USER': 'root', 'MYSQL_PASSWD': 'root@123'}} 
[2022-09-13 14:47:14,996][config.py 42][INFO]: 加载 D:\code\newriver_api\config\config.ini 文件......
[2022-09-13 14:47:14,997][config.py 46][INFO]: 读到数据 ==>>  {'host': {'api_root_url': 'https://newrivertest.agentgo.me/#/stats'}, 'mysql': {'MYSQL_HOST': '16.162.21.39', 'MYSQL_PORT': '13306', 'MYSQL_USER': 'root', 'MYSQL_PASSWD': 'root@123'}} 
[2022-09-13 16:16:25,140][config.py 42][INFO]: 加载 D:\code\newriver_api\config\setting.ini 文件......
[2022-09-13 16:16:25,141][config.py 46][INFO]: 读到数据 ==>>  {} 
[2022-09-13 16:17:19,474][config.py 42][INFO]: 加载 D:\code\newriver_api\config\config.ini 文件......
[2022-09-13 16:17:19,475][config.py 46][INFO]: 读到数据 ==>>  {'host': {'api_root_url': 'https://newrivertest.agentgo.me/dc/pc'}, 'mysql': {'MYSQL_HOST': '16.162.21.39', 'MYSQL_PORT': '13306', 'MYSQL_USER': 'root', 'MYSQL_PASSWD': 'root@123'}} 
[2022-09-13 16:17:19,475][request.py 59][INFO]: 接口请求地址 ==>> https://newrivertest.agentgo.me/dc/pc/countCollectionNum
[2022-09-13 16:17:19,476][request.py 60][INFO]: 接口请求方式 ==>> GET
[2022-09-13 16:17:19,476][request.py 62][INFO]: 接口请求头 ==>> null
[2022-09-13 16:17:19,476][request.py 63][INFO]: 接口请求 params 参数 ==>> null
[2022-09-13 16:17:19,476][request.py 64][INFO]: 接口请求体 data 参数 ==>> null
[2022-09-13 16:17:19,476][request.py 65][INFO]: 接口请求体 json 参数 ==>> null
[2022-09-13 16:17:19,477][request.py 66][INFO]: 接口上传附件 files 参数 ==>> None
[2022-09-13 16:17:19,477][request.py 67][INFO]: 接口 cookies 参数 ==>> null
[2022-09-13 16:17:33,182][config.py 42][INFO]: 加载 D:\code\newriver_api\config\config.ini 文件......
[2022-09-13 16:17:33,183][config.py 46][INFO]: 读到数据 ==>>  {'host': {'api_root_url': 'https://newrivertest.agentgo.me/dc/pc'}, 'mysql': {'MYSQL_HOST': '16.162.21.39', 'MYSQL_PORT': '13306', 'MYSQL_USER': 'root', 'MYSQL_PASSWD': 'root@123'}} 
[2022-09-13 16:17:33,183][request.py 59][INFO]: 接口请求地址 ==>> https://newrivertest.agentgo.me/dc/pc/countCollectionNum
[2022-09-13 16:17:33,183][request.py 60][INFO]: 接口请求方式 ==>> GET
[2022-09-13 16:17:33,183][request.py 62][INFO]: 接口请求头 ==>> null
[2022-09-13 16:17:33,184][request.py 63][INFO]: 接口请求 params 参数 ==>> null
[2022-09-13 16:17:33,184][request.py 64][INFO]: 接口请求体 data 参数 ==>> null
[2022-09-13 16:17:33,184][request.py 65][INFO]: 接口请求体 json 参数 ==>> null
[2022-09-13 16:17:33,184][request.py 66][INFO]: 接口上传附件 files 参数 ==>> None
[2022-09-13 16:17:33,184][request.py 67][INFO]: 接口 cookies 参数 ==>> null
[2022-09-13 16:17:55,905][config.py 42][INFO]: 加载 D:\code\newriver_api\config\config.ini 文件......
[2022-09-13 16:17:55,906][config.py 46][INFO]: 读到数据 ==>>  {'host': {'api_root_url': 'https://newrivertest.agentgo.me/dc/pc'}, 'mysql': {'MYSQL_HOST': '16.162.21.39', 'MYSQL_PORT': '13306', 'MYSQL_USER': 'root', 'MYSQL_PASSWD': 'root@123'}} 
[2022-09-13 16:17:55,906][request.py 59][INFO]: 接口请求地址 ==>> https://newrivertest.agentgo.me/dc/pc/countCollectionNum
[2022-09-13 16:17:55,906][request.py 60][INFO]: 接口请求方式 ==>> GET
[2022-09-13 16:17:55,907][request.py 62][INFO]: 接口请求头 ==>> null
[2022-09-13 16:17:55,907][request.py 63][INFO]: 接口请求 params 参数 ==>> null
[2022-09-13 16:17:55,907][request.py 64][INFO]: 接口请求体 data 参数 ==>> null
[2022-09-13 16:17:55,907][request.py 65][INFO]: 接口请求体 json 参数 ==>> null
[2022-09-13 16:17:55,907][request.py 66][INFO]: 接口上传附件 files 参数 ==>> None
[2022-09-13 16:17:55,907][request.py 67][INFO]: 接口 cookies 参数 ==>> null
[2022-09-13 16:18:32,927][config.py 42][INFO]: 加载 D:\code\newriver_api\config\config.ini 文件......
[2022-09-13 16:18:32,927][config.py 46][INFO]: 读到数据 ==>>  {'host': {'api_root_url': 'https://newrivertest.agentgo.me/dc/pc'}, 'mysql': {'MYSQL_HOST': '16.162.21.39', 'MYSQL_PORT': '13306', 'MYSQL_USER': 'root', 'MYSQL_PASSWD': 'root@123'}} 
[2022-09-13 16:18:32,928][request.py 59][INFO]: 接口请求地址 ==>> https://newrivertest.agentgo.me/dc/pc/countCollectionNum
[2022-09-13 16:18:32,928][request.py 60][INFO]: 接口请求方式 ==>> GET
[2022-09-13 16:18:32,928][request.py 62][INFO]: 接口请求头 ==>> null
[2022-09-13 16:18:32,928][request.py 63][INFO]: 接口请求 params 参数 ==>> null
[2022-09-13 16:18:32,928][request.py 64][INFO]: 接口请求体 data 参数 ==>> null
[2022-09-13 16:18:32,928][request.py 65][INFO]: 接口请求体 json 参数 ==>> null
[2022-09-13 16:18:32,928][request.py 66][INFO]: 接口上传附件 files 参数 ==>> None
[2022-09-13 16:18:32,928][request.py 67][INFO]: 接口 cookies 参数 ==>> null
[2022-09-13 17:06:18,839][run.py 15][INFO]: 
                             _    _         _      _____         _
              __ _ _ __ (_)  / \  _   _| |_ __|_   _|__  ___| |_
             / _` | '_ \| | / _ \| | | | __/ _ \| |/ _ \/ __| __|
            | (_| | |_) | |/ ___ \ |_| | || (_) | |  __/\__ \ |_
             \__,_| .__/|_/_/   \_\__,_|\__\___/|_|\___||___/\__|
                  |_|
                  开始执行项目...
                
[2022-09-13 17:07:43,082][run.py 15][INFO]: 
                             _    _         _      _____         _
              __ _ _ __ (_)  / \  _   _| |_ __|_   _|__  ___| |_
             / _` | '_ \| | / _ \| | | | __/ _ \| |/ _ \/ __| __|
            | (_| | |_) | |/ ___ \ |_| | || (_) | |  __/\__ \ |_
             \__,_| .__/|_/_/   \_\__,_|\__\___/|_|\___||___/\__|
                  |_|
                  开始执行项目...
                
[2022-09-13 17:23:16,176][run.py 15][INFO]: 
                             _    _         _      _____         _
              __ _ _ __ (_)  / \  _   _| |_ __|_   _|__  ___| |_
             / _` | '_ \| | / _ \| | | | __/ _ \| |/ _ \/ __| __|
            | (_| | |_) | |/ ___ \ |_| | || (_) | |  __/\__ \ |_
             \__,_| .__/|_/_/   \_\__,_|\__\___/|_|\___||___/\__|
                  |_|
                  开始执行项目...
                
[2022-09-13 17:27:36,657][config.py 42][INFO]: 加载 D:\code\newriver_api\config\config.ini 文件......
[2022-09-13 17:27:36,659][config.py 46][INFO]: 读到数据 ==>>  {'host': {'api_root_url': 'https://newrivertest.agentgo.me/dc/pc'}, 'mysql': {'MYSQL_HOST': '16.162.21.39', 'MYSQL_PORT': '13306', 'MYSQL_USER': 'root', 'MYSQL_PASSWD': 'root@123'}} 
[2022-09-13 17:27:50,010][run.py 15][INFO]: 
                             _    _         _      _____         _
              __ _ _ __ (_)  / \  _   _| |_ __|_   _|__  ___| |_
             / _` | '_ \| | / _ \| | | | __/ _ \| |/ _ \/ __| __|
            | (_| | |_) | |/ ___ \ |_| | || (_) | |  __/\__ \ |_
             \__,_| .__/|_/_/   \_\__,_|\__\___/|_|\___||___/\__|
                  |_|
                  开始执行项目...
                
[2022-09-13 17:27:50,357][config.py 42][INFO]: 加载 D:\code\newriver_api\config\config.ini 文件......
[2022-09-13 17:27:50,358][config.py 46][INFO]: 读到数据 ==>>  {'host': {'api_root_url': 'https://newrivertest.agentgo.me/dc/pc'}, 'mysql': {'MYSQL_HOST': '16.162.21.39', 'MYSQL_PORT': '13306', 'MYSQL_USER': 'root', 'MYSQL_PASSWD': 'root@123'}} 
[2022-09-13 17:27:50,363][request.py 59][INFO]: 接口请求地址 ==>> https://newrivertest.agentgo.me/dc/pc/countCollectionNum
[2022-09-13 17:27:50,364][request.py 60][INFO]: 接口请求方式 ==>> GET
[2022-09-13 17:27:50,364][request.py 62][INFO]: 接口请求头 ==>> null
[2022-09-13 17:27:50,364][request.py 63][INFO]: 接口请求 params 参数 ==>> null
[2022-09-13 17:27:50,364][request.py 64][INFO]: 接口请求体 data 参数 ==>> null
[2022-09-13 17:27:50,364][request.py 65][INFO]: 接口请求体 json 参数 ==>> null
[2022-09-13 17:27:50,364][request.py 66][INFO]: 接口上传附件 files 参数 ==>> None
[2022-09-13 17:27:50,365][request.py 67][INFO]: 接口 cookies 参数 ==>> null
[2022-09-13 17:27:50,957][test_collection.py 15][INFO]: {'code': 200, 'message': '操作成功', 'data': 2996}
[2022-09-13 17:32:03,969][run.py 15][INFO]: 
                             _    _         _      _____         _
              __ _ _ __ (_)  / \  _   _| |_ __|_   _|__  ___| |_
             / _` | '_ \| | / _ \| | | | __/ _ \| |/ _ \/ __| __|
            | (_| | |_) | |/ ___ \ |_| | || (_) | |  __/\__ \ |_
             \__,_| .__/|_/_/   \_\__,_|\__\___/|_|\___||___/\__|
                  |_|
                  开始执行项目...
                
[2022-09-13 17:32:31,663][run.py 15][INFO]: 
                             _    _         _      _____         _
              __ _ _ __ (_)  / \  _   _| |_ __|_   _|__  ___| |_
             / _` | '_ \| | / _ \| | | | __/ _ \| |/ _ \/ __| __|
            | (_| | |_) | |/ ___ \ |_| | || (_) | |  __/\__ \ |_
             \__,_| .__/|_/_/   \_\__,_|\__\___/|_|\___||___/\__|
                  |_|
                  开始执行项目...
                
[2022-09-13 17:32:32,049][config.py 42][INFO]: 加载 D:\code\newriver_api\config\config.ini 文件......
[2022-09-13 17:32:32,050][config.py 46][INFO]: 读到数据 ==>>  {'host': {'api_root_url': 'https://newrivertest.agentgo.me/dc/pc'}, 'mysql': {'MYSQL_HOST': '16.162.21.39', 'MYSQL_PORT': '13306', 'MYSQL_USER': 'root', 'MYSQL_PASSWD': 'root@123'}} 
[2022-09-13 17:32:32,055][request.py 59][INFO]: 接口请求地址 ==>> https://newrivertest.agentgo.me/dc/pc/countCollectionNum
[2022-09-13 17:32:32,056][request.py 60][INFO]: 接口请求方式 ==>> GET
[2022-09-13 17:32:32,056][request.py 62][INFO]: 接口请求头 ==>> null
[2022-09-13 17:32:32,056][request.py 63][INFO]: 接口请求 params 参数 ==>> null
[2022-09-13 17:32:32,056][request.py 64][INFO]: 接口请求体 data 参数 ==>> null
[2022-09-13 17:32:32,056][request.py 65][INFO]: 接口请求体 json 参数 ==>> null
[2022-09-13 17:32:32,056][request.py 66][INFO]: 接口上传附件 files 参数 ==>> None
[2022-09-13 17:32:32,057][request.py 67][INFO]: 接口 cookies 参数 ==>> null
[2022-09-13 17:32:32,605][test_collection.py 17][INFO]: {'code': 200, 'message': '操作成功', 'data': 2996}
[2022-09-13 17:34:46,244][run.py 15][INFO]: 
                             _    _         _      _____         _
              __ _ _ __ (_)  / \  _   _| |_ __|_   _|__  ___| |_
             / _` | '_ \| | / _ \| | | | __/ _ \| |/ _ \/ __| __|
            | (_| | |_) | |/ ___ \ |_| | || (_) | |  __/\__ \ |_
             \__,_| .__/|_/_/   \_\__,_|\__\___/|_|\___||___/\__|
                  |_|
                  开始执行项目...
                
[2022-09-13 17:34:46,609][config.py 42][INFO]: 加载 D:\code\newriver_api\config\config.ini 文件......
[2022-09-13 17:34:46,609][config.py 46][INFO]: 读到数据 ==>>  {'host': {'api_root_url': 'https://newrivertest.agentgo.me/dc/pc'}, 'mysql': {'MYSQL_HOST': '16.162.21.39', 'MYSQL_PORT': '13306', 'MYSQL_USER': 'root', 'MYSQL_PASSWD': 'root@123'}} 
[2022-09-13 17:34:46,614][config.py 42][INFO]: 加载 D:\code\newriver_api\config\config.ini 文件......
[2022-09-13 17:34:46,615][config.py 46][INFO]: 读到数据 ==>>  {'host': {'api_root_url': 'https://newrivertest.agentgo.me/dc/pc'}, 'mysql': {'MYSQL_HOST': '16.162.21.39', 'MYSQL_PORT': '13306', 'MYSQL_USER': 'root', 'MYSQL_PASSWD': 'root@123'}} 
[2022-09-13 17:34:46,615][request.py 59][INFO]: 接口请求地址 ==>> https://newrivertest.agentgo.me/dc/pc/countCollectionNum
[2022-09-13 17:34:46,615][request.py 60][INFO]: 接口请求方式 ==>> GET
[2022-09-13 17:34:46,616][request.py 62][INFO]: 接口请求头 ==>> null
[2022-09-13 17:34:46,616][request.py 63][INFO]: 接口请求 params 参数 ==>> null
[2022-09-13 17:34:46,616][request.py 64][INFO]: 接口请求体 data 参数 ==>> null
[2022-09-13 17:34:46,616][request.py 65][INFO]: 接口请求体 json 参数 ==>> null
[2022-09-13 17:34:46,616][request.py 66][INFO]: 接口上传附件 files 参数 ==>> None
[2022-09-13 17:34:46,616][request.py 67][INFO]: 接口 cookies 参数 ==>> null
[2022-09-13 17:34:47,172][test_collection.py 17][INFO]: {'code': 200, 'message': '操作成功', 'data': 2996}
[2022-09-13 17:35:24,437][run.py 15][INFO]: 开始执行用例...
[2022-09-13 17:35:24,791][config.py 42][INFO]: 加载 D:\code\newriver_api\config\config.ini 文件......
[2022-09-13 17:35:24,791][config.py 46][INFO]: 读到数据 ==>>  {'host': {'api_root_url': 'https://newrivertest.agentgo.me/dc/pc'}, 'mysql': {'MYSQL_HOST': '16.162.21.39', 'MYSQL_PORT': '13306', 'MYSQL_USER': 'root', 'MYSQL_PASSWD': 'root@123'}} 
[2022-09-13 17:35:24,796][config.py 42][INFO]: 加载 D:\code\newriver_api\config\config.ini 文件......
[2022-09-13 17:35:24,797][config.py 46][INFO]: 读到数据 ==>>  {'host': {'api_root_url': 'https://newrivertest.agentgo.me/dc/pc'}, 'mysql': {'MYSQL_HOST': '16.162.21.39', 'MYSQL_PORT': '13306', 'MYSQL_USER': 'root', 'MYSQL_PASSWD': 'root@123'}} 
[2022-09-13 17:35:24,797][request.py 59][INFO]: 接口请求地址 ==>> https://newrivertest.agentgo.me/dc/pc/countCollectionNum
[2022-09-13 17:35:24,798][request.py 60][INFO]: 接口请求方式 ==>> GET
[2022-09-13 17:35:24,798][request.py 62][INFO]: 接口请求头 ==>> null
[2022-09-13 17:35:24,798][request.py 63][INFO]: 接口请求 params 参数 ==>> null
[2022-09-13 17:35:24,798][request.py 64][INFO]: 接口请求体 data 参数 ==>> null
[2022-09-13 17:35:24,798][request.py 65][INFO]: 接口请求体 json 参数 ==>> null
[2022-09-13 17:35:24,798][request.py 66][INFO]: 接口上传附件 files 参数 ==>> None
[2022-09-13 17:35:24,799][request.py 67][INFO]: 接口 cookies 参数 ==>> null
[2022-09-13 17:35:25,335][test_collection.py 17][INFO]: {'code': 200, 'message': '操作成功', 'data': 2996}
[2022-09-13 18:30:50,121][config.py 42][INFO]: 加载 D:\code\newriver_api\config\config.ini 文件......
[2022-09-13 18:30:50,123][config.py 46][INFO]: 读到数据 ==>>  {'host': {'api_root_url': 'https://newrivertest.agentgo.me/dc/pc'}, 'mysql': {'MYSQL_HOST': '16.162.21.39', 'MYSQL_PORT': '13306', 'MYSQL_USER': 'root', 'MYSQL_PASSWD': 'root@123'}} 
[2022-09-13 18:30:50,125][config.py 42][INFO]: 加载 D:\code\newriver_api\config\config.ini 文件......
[2022-09-13 18:30:50,125][config.py 46][INFO]: 读到数据 ==>>  {'host': {'api_root_url': 'https://newrivertest.agentgo.me/dc/pc'}, 'mysql': {'MYSQL_HOST': '16.162.21.39', 'MYSQL_PORT': '13306', 'MYSQL_USER': 'root', 'MYSQL_PASSWD': 'root@123'}} 
[2022-09-13 18:30:50,133][request.py 59][INFO]: 接口请求地址 ==>> https://newrivertest.agentgo.me/dc/pc/ethereum
[2022-09-13 18:30:50,134][request.py 60][INFO]: 接口请求方式 ==>> GET
[2022-09-13 18:30:50,134][request.py 62][INFO]: 接口请求头 ==>> null
[2022-09-13 18:30:50,135][request.py 63][INFO]: 接口请求 params 参数 ==>> null
[2022-09-13 18:30:50,135][request.py 64][INFO]: 接口请求体 data 参数 ==>> null
[2022-09-13 18:30:50,135][request.py 65][INFO]: 接口请求体 json 参数 ==>> null
[2022-09-13 18:30:50,135][request.py 66][INFO]: 接口上传附件 files 参数 ==>> None
[2022-09-13 18:30:50,135][request.py 67][INFO]: 接口 cookies 参数 ==>> null
[2022-09-13 18:30:50,646][test_collection.py 21][INFO]: <Response [400]>
[2022-09-13 18:31:12,943][config.py 42][INFO]: 加载 D:\code\newriver_api\config\config.ini 文件......
[2022-09-13 18:31:12,947][config.py 46][INFO]: 读到数据 ==>>  {'host': {'api_root_url': 'https://newrivertest.agentgo.me/dc/pc'}, 'mysql': {'MYSQL_HOST': '16.162.21.39', 'MYSQL_PORT': '13306', 'MYSQL_USER': 'root', 'MYSQL_PASSWD': 'root@123'}} 
[2022-09-13 18:31:12,949][config.py 42][INFO]: 加载 D:\code\newriver_api\config\config.ini 文件......
[2022-09-13 18:31:12,950][config.py 46][INFO]: 读到数据 ==>>  {'host': {'api_root_url': 'https://newrivertest.agentgo.me/dc/pc'}, 'mysql': {'MYSQL_HOST': '16.162.21.39', 'MYSQL_PORT': '13306', 'MYSQL_USER': 'root', 'MYSQL_PASSWD': 'root@123'}} 
[2022-09-13 18:31:12,959][request.py 59][INFO]: 接口请求地址 ==>> https://newrivertest.agentgo.me/dc/pc/ethereum
[2022-09-13 18:31:12,959][request.py 60][INFO]: 接口请求方式 ==>> GET
[2022-09-13 18:31:12,959][request.py 62][INFO]: 接口请求头 ==>> null
[2022-09-13 18:31:12,959][request.py 63][INFO]: 接口请求 params 参数 ==>> null
[2022-09-13 18:31:12,961][request.py 64][INFO]: 接口请求体 data 参数 ==>> null
[2022-09-13 18:31:12,961][request.py 65][INFO]: 接口请求体 json 参数 ==>> null
[2022-09-13 18:31:12,962][request.py 66][INFO]: 接口上传附件 files 参数 ==>> None
[2022-09-13 18:31:12,962][request.py 67][INFO]: 接口 cookies 参数 ==>> null
[2022-09-13 18:31:13,493][test_collection.py 21][INFO]: {'timestamp': '2022-09-13T10:31:13.460+00:00', 'status': 400, 'error': 'Bad Request', 'message': '', 'path': '/ethereum'}
[2022-09-13 18:33:59,540][config.py 42][INFO]: 加载 D:\code\newriver_api\config\config.ini 文件......
[2022-09-13 18:33:59,542][config.py 46][INFO]: 读到数据 ==>>  {'host': {'api_root_url': 'https://newrivertest.agentgo.me/dc/pc'}, 'mysql': {'MYSQL_HOST': '16.162.21.39', 'MYSQL_PORT': '13306', 'MYSQL_USER': 'root', 'MYSQL_PASSWD': 'root@123'}} 
[2022-09-13 18:33:59,544][config.py 42][INFO]: 加载 D:\code\newriver_api\config\config.ini 文件......
[2022-09-13 18:33:59,544][config.py 46][INFO]: 读到数据 ==>>  {'host': {'api_root_url': 'https://newrivertest.agentgo.me/dc/pc'}, 'mysql': {'MYSQL_HOST': '16.162.21.39', 'MYSQL_PORT': '13306', 'MYSQL_USER': 'root', 'MYSQL_PASSWD': 'root@123'}} 
[2022-09-13 18:33:59,551][request.py 59][INFO]: 接口请求地址 ==>> https://newrivertest.agentgo.me/dc/pc/countCollectionNum
[2022-09-13 18:33:59,551][request.py 60][INFO]: 接口请求方式 ==>> GET
[2022-09-13 18:33:59,551][request.py 62][INFO]: 接口请求头 ==>> null
[2022-09-13 18:33:59,551][request.py 63][INFO]: 接口请求 params 参数 ==>> null
[2022-09-13 18:33:59,552][request.py 64][INFO]: 接口请求体 data 参数 ==>> null
[2022-09-13 18:33:59,552][request.py 65][INFO]: 接口请求体 json 参数 ==>> null
[2022-09-13 18:33:59,552][request.py 66][INFO]: 接口上传附件 files 参数 ==>> None
[2022-09-13 18:33:59,552][request.py 67][INFO]: 接口 cookies 参数 ==>> null
[2022-09-13 18:36:11,538][config.py 42][INFO]: 加载 D:\code\newriver_api\config\config.ini 文件......
[2022-09-13 18:36:11,540][config.py 46][INFO]: 读到数据 ==>>  {'host': {'api_root_url': 'https://newrivertest.agentgo.me/dc/pc'}, 'mysql': {'MYSQL_HOST': '16.162.21.39', 'MYSQL_PORT': '13306', 'MYSQL_USER': 'root', 'MYSQL_PASSWD': 'root@123'}} 
[2022-09-13 18:36:11,541][config.py 42][INFO]: 加载 D:\code\newriver_api\config\config.ini 文件......
[2022-09-13 18:36:11,542][config.py 46][INFO]: 读到数据 ==>>  {'host': {'api_root_url': 'https://newrivertest.agentgo.me/dc/pc'}, 'mysql': {'MYSQL_HOST': '16.162.21.39', 'MYSQL_PORT': '13306', 'MYSQL_USER': 'root', 'MYSQL_PASSWD': 'root@123'}} 
[2022-09-13 18:38:20,847][config.py 42][INFO]: 加载 D:\code\newriver_api\config\config.ini 文件......
[2022-09-13 18:38:20,849][config.py 46][INFO]: 读到数据 ==>>  {'host': {'api_root_url': 'https://newrivertest.agentgo.me/dc/pc'}, 'mysql': {'MYSQL_HOST': '16.162.21.39', 'MYSQL_PORT': '13306', 'MYSQL_USER': 'root', 'MYSQL_PASSWD': 'root@123'}} 
[2022-09-13 18:38:20,851][config.py 42][INFO]: 加载 D:\code\newriver_api\config\config.ini 文件......
[2022-09-13 18:38:20,852][config.py 46][INFO]: 读到数据 ==>>  {'host': {'api_root_url': 'https://newrivertest.agentgo.me/dc/pc'}, 'mysql': {'MYSQL_HOST': '16.162.21.39', 'MYSQL_PORT': '13306', 'MYSQL_USER': 'root', 'MYSQL_PASSWD': 'root@123'}} 
[2022-09-13 18:39:19,656][config.py 42][INFO]: 加载 D:\code\newriver_api\config\config.ini 文件......
[2022-09-13 18:39:19,658][config.py 46][INFO]: 读到数据 ==>>  {'host': {'api_root_url': 'https://newrivertest.agentgo.me/dc/pc'}, 'mysql': {'MYSQL_HOST': '16.162.21.39', 'MYSQL_PORT': '13306', 'MYSQL_USER': 'root', 'MYSQL_PASSWD': 'root@123'}} 
[2022-09-13 18:39:19,661][config.py 42][INFO]: 加载 D:\code\newriver_api\config\config.ini 文件......
[2022-09-13 18:39:19,662][config.py 46][INFO]: 读到数据 ==>>  {'host': {'api_root_url': 'https://newrivertest.agentgo.me/dc/pc'}, 'mysql': {'MYSQL_HOST': '16.162.21.39', 'MYSQL_PORT': '13306', 'MYSQL_USER': 'root', 'MYSQL_PASSWD': 'root@123'}} 
[2022-09-13 18:39:35,328][config.py 42][INFO]: 加载 D:\code\newriver_api\config\config.ini 文件......
[2022-09-13 18:39:35,331][config.py 46][INFO]: 读到数据 ==>>  {'host': {'api_root_url': 'https://newrivertest.agentgo.me/dc/pc'}, 'mysql': {'MYSQL_HOST': '16.162.21.39', 'MYSQL_PORT': '13306', 'MYSQL_USER': 'root', 'MYSQL_PASSWD': 'root@123'}} 
[2022-09-13 18:39:35,334][config.py 42][INFO]: 加载 D:\code\newriver_api\config\config.ini 文件......
[2022-09-13 18:39:35,336][config.py 46][INFO]: 读到数据 ==>>  {'host': {'api_root_url': 'https://newrivertest.agentgo.me/dc/pc'}, 'mysql': {'MYSQL_HOST': '16.162.21.39', 'MYSQL_PORT': '13306', 'MYSQL_USER': 'root', 'MYSQL_PASSWD': 'root@123'}} 
