[2022-09-16 09:08:15,558][data_load.py 44][INFO]: 加载 D:\code\newriver_api\config\config.ini 文件......
[2022-09-16 09:08:15,559][data_load.py 48][INFO]: 读到数据 ==>>  {'host': {'api_root_url': 'https://newrivertest.agentgo.me/dc/pc'}, 'mysql': {'MYSQL_HOST': '16.162.21.39', 'MYSQL_PORT': '13306', 'MYSQL_USER': 'root', 'MYSQL_PASSWD': 'root@123'}} 
[2022-09-16 09:08:15,560][data_load.py 44][INFO]: 加载 D:\code\newriver_api\config\config.ini 文件......
[2022-09-16 09:08:15,560][data_load.py 48][INFO]: 读到数据 ==>>  {'host': {'api_root_url': 'https://newrivertest.agentgo.me/dc/pc'}, 'mysql': {'MYSQL_HOST': '16.162.21.39', 'MYSQL_PORT': '13306', 'MYSQL_USER': 'root', 'MYSQL_PASSWD': 'root@123'}} 
[2022-09-16 09:08:15,593][data_load.py 44][INFO]: 加载 D:\code\newriver_api\config\config.ini 文件......
[2022-09-16 09:08:15,594][data_load.py 48][INFO]: 读到数据 ==>>  {'host': {'api_root_url': 'https://newrivertest.agentgo.me/dc/pc'}, 'mysql': {'MYSQL_HOST': '16.162.21.39', 'MYSQL_PORT': '13306', 'MYSQL_USER': 'root', 'MYSQL_PASSWD': 'root@123'}} 
[2022-09-16 09:08:15,946][data_load.py 30][INFO]: 加载 D:\code\newriver_api\data\test_collection.yaml 文件......
[2022-09-16 09:08:15,987][data_load.py 33][INFO]: 读到数据 ==>>  {'count_collection_num': [{'count_num': 2996}], 'ethereum': [{'timeRange': 'ONE_DAY', 'type': 'TRANSACTION_FEE_ETH', 'code': 200, 'countValue': 465.2264229546994, 'date': '2022-09-14', 'message': '操作成功'}], 'buy_and_trade_app': [{'collectionUuid': 100001, 'execute_sql': ['select * from `hk-manhattan`.chain_collection_statistics where collection_uuid = "100001"', 'select * from `hk-manhattan`.chain_collection_statistics where collection_uuid = "100002"'], 'message': ''}, {'collectionUuid': 100002, 'execute_sql': ['select * from `hk-manhattan`.chain_collection_statistics where collection_uuid = "100002"', 'select * from `hk-manhattan`.chain_collection_statistics where collection_uuid = "100001"'], 'message': ''}]} 
[2022-09-16 09:08:15,987][data_load.py 30][INFO]: 加载 D:\code\newriver_api\data\test_collection.yaml 文件......
[2022-09-16 09:08:15,992][data_load.py 33][INFO]: 读到数据 ==>>  {'count_collection_num': [{'count_num': 2996}], 'ethereum': [{'timeRange': 'ONE_DAY', 'type': 'TRANSACTION_FEE_ETH', 'code': 200, 'countValue': 465.2264229546994, 'date': '2022-09-14', 'message': '操作成功'}], 'buy_and_trade_app': [{'collectionUuid': 100001, 'execute_sql': ['select * from `hk-manhattan`.chain_collection_statistics where collection_uuid = "100001"', 'select * from `hk-manhattan`.chain_collection_statistics where collection_uuid = "100002"'], 'message': ''}, {'collectionUuid': 100002, 'execute_sql': ['select * from `hk-manhattan`.chain_collection_statistics where collection_uuid = "100002"', 'select * from `hk-manhattan`.chain_collection_statistics where collection_uuid = "100001"'], 'message': ''}]} 
[2022-09-16 09:08:15,993][data_load.py 30][INFO]: 加载 D:\code\newriver_api\data\test_collection.yaml 文件......
[2022-09-16 09:08:15,997][data_load.py 33][INFO]: 读到数据 ==>>  {'count_collection_num': [{'count_num': 2996}], 'ethereum': [{'timeRange': 'ONE_DAY', 'type': 'TRANSACTION_FEE_ETH', 'code': 200, 'countValue': 465.2264229546994, 'date': '2022-09-14', 'message': '操作成功'}], 'buy_and_trade_app': [{'collectionUuid': 100001, 'execute_sql': ['select * from `hk-manhattan`.chain_collection_statistics where collection_uuid = "100001"', 'select * from `hk-manhattan`.chain_collection_statistics where collection_uuid = "100002"'], 'message': ''}, {'collectionUuid': 100002, 'execute_sql': ['select * from `hk-manhattan`.chain_collection_statistics where collection_uuid = "100002"', 'select * from `hk-manhattan`.chain_collection_statistics where collection_uuid = "100001"'], 'message': ''}]} 
[2022-09-16 09:08:17,020][base_api.py 70][INFO]: 接口请求地址 ==>> https://newrivertest.agentgo.me/dc/pc/collection/buyAndTrade/App
[2022-09-16 09:08:17,020][base_api.py 72][INFO]: 接口请求方式 ==>> GET
[2022-09-16 09:08:17,020][base_api.py 77][INFO]: 接口请求 params 参数 ==>> {
    "collectionUuid": 100001
}
[2022-09-16 09:08:17,021][base_api.py 83][INFO]: 接口上传附件 files 参数 ==>> {'collectionUuid': 100001}
[2022-09-16 09:08:17,021][base_api.py 85][INFO]: 接口 cookies 参数 ==>> {
    "collectionUuid": 100001
}
[2022-09-16 09:08:17,751][base_api.py 20][INFO]: 接口返回数据 ==>> {'timestamp': '2022-09-16T01:08:18.862+00:00', 'status': 404, 'error': 'Not Found', 'message': '', 'path': '/collection/buyAndTrade/App'}
[2022-09-16 09:08:17,759][base_api.py 70][INFO]: 接口请求地址 ==>> https://newrivertest.agentgo.me/dc/pc/collection/buyAndTrade/App
[2022-09-16 09:08:17,760][base_api.py 72][INFO]: 接口请求方式 ==>> GET
[2022-09-16 09:08:17,760][base_api.py 77][INFO]: 接口请求 params 参数 ==>> {
    "collectionUuid": 100002
}
[2022-09-16 09:08:17,761][base_api.py 83][INFO]: 接口上传附件 files 参数 ==>> {'collectionUuid': 100002}
[2022-09-16 09:08:17,761][base_api.py 85][INFO]: 接口 cookies 参数 ==>> {
    "collectionUuid": 100002
}
[2022-09-16 09:08:18,290][base_api.py 20][INFO]: 接口返回数据 ==>> {'timestamp': '2022-09-16T01:08:19.394+00:00', 'status': 404, 'error': 'Not Found', 'message': '', 'path': '/collection/buyAndTrade/App'}
[2022-09-16 15:14:05,543][data_load.py 44][INFO]: 加载 D:\code\newriver_api\config\config.ini 文件......
[2022-09-16 15:14:05,552][data_load.py 48][INFO]: 读到数据 ==>>  {'host': {'api_root_url': 'https://newrivertest.agentgo.me/dc/pc'}, 'mysql': {'MYSQL_HOST': '16.162.21.39', 'MYSQL_PORT': '13306', 'MYSQL_USER': 'root', 'MYSQL_PASSWD': 'root@123'}} 
[2022-09-16 15:14:05,554][data_load.py 44][INFO]: 加载 D:\code\newriver_api\config\config.ini 文件......
[2022-09-16 15:14:05,555][data_load.py 48][INFO]: 读到数据 ==>>  {'host': {'api_root_url': 'https://newrivertest.agentgo.me/dc/pc'}, 'mysql': {'MYSQL_HOST': '16.162.21.39', 'MYSQL_PORT': '13306', 'MYSQL_USER': 'root', 'MYSQL_PASSWD': 'root@123'}} 
[2022-09-16 15:14:05,596][data_load.py 44][INFO]: 加载 D:\code\newriver_api\config\config.ini 文件......
[2022-09-16 15:14:05,597][data_load.py 48][INFO]: 读到数据 ==>>  {'host': {'api_root_url': 'https://newrivertest.agentgo.me/dc/pc'}, 'mysql': {'MYSQL_HOST': '16.162.21.39', 'MYSQL_PORT': '13306', 'MYSQL_USER': 'root', 'MYSQL_PASSWD': 'root@123'}} 
[2022-09-16 15:14:05,950][data_load.py 30][INFO]: 加载 D:\code\newriver_api\data\test_collection.yaml 文件......
[2022-09-16 15:14:05,965][data_load.py 33][INFO]: 读到数据 ==>>  {'count_collection_num': [{'count_num': 2996}], 'ethereum': [{'timeRange': 'ONE_DAY', 'type': 'TRANSACTION_FEE_ETH', 'code': 200, 'countValue': 465.2264229546994, 'date': '2022-09-14', 'message': '操作成功'}], 'buy_and_trade_app': [{'collectionUuid': 100001, 'execute_sql': ['select * from `hk-manhattan`.chain_collection_statistics where collection_uuid = "100001"', 'select * from `hk-manhattan`.chain_collection_statistics where collection_uuid = "100002"'], 'message': ''}, {'collectionUuid': 100002, 'execute_sql': ['select * from `hk-manhattan`.chain_collection_statistics where collection_uuid = "100002"', 'select * from `hk-manhattan`.chain_collection_statistics where collection_uuid = "100001"'], 'message': ''}]} 
[2022-09-16 15:14:05,966][data_load.py 30][INFO]: 加载 D:\code\newriver_api\data\test_collection.yaml 文件......
[2022-09-16 15:14:05,973][data_load.py 33][INFO]: 读到数据 ==>>  {'count_collection_num': [{'count_num': 2996}], 'ethereum': [{'timeRange': 'ONE_DAY', 'type': 'TRANSACTION_FEE_ETH', 'code': 200, 'countValue': 465.2264229546994, 'date': '2022-09-14', 'message': '操作成功'}], 'buy_and_trade_app': [{'collectionUuid': 100001, 'execute_sql': ['select * from `hk-manhattan`.chain_collection_statistics where collection_uuid = "100001"', 'select * from `hk-manhattan`.chain_collection_statistics where collection_uuid = "100002"'], 'message': ''}, {'collectionUuid': 100002, 'execute_sql': ['select * from `hk-manhattan`.chain_collection_statistics where collection_uuid = "100002"', 'select * from `hk-manhattan`.chain_collection_statistics where collection_uuid = "100001"'], 'message': ''}]} 
[2022-09-16 15:14:05,973][data_load.py 30][INFO]: 加载 D:\code\newriver_api\data\test_collection.yaml 文件......
[2022-09-16 15:14:05,980][data_load.py 33][INFO]: 读到数据 ==>>  {'count_collection_num': [{'count_num': 2996}], 'ethereum': [{'timeRange': 'ONE_DAY', 'type': 'TRANSACTION_FEE_ETH', 'code': 200, 'countValue': 465.2264229546994, 'date': '2022-09-14', 'message': '操作成功'}], 'buy_and_trade_app': [{'collectionUuid': 100001, 'execute_sql': ['select * from `hk-manhattan`.chain_collection_statistics where collection_uuid = "100001"', 'select * from `hk-manhattan`.chain_collection_statistics where collection_uuid = "100002"'], 'message': ''}, {'collectionUuid': 100002, 'execute_sql': ['select * from `hk-manhattan`.chain_collection_statistics where collection_uuid = "100002"', 'select * from `hk-manhattan`.chain_collection_statistics where collection_uuid = "100001"'], 'message': ''}]} 
[2022-09-16 15:50:17,644][data_load.py 44][INFO]: 加载 D:\code\newriver_api\config\config.ini 文件......
[2022-09-16 15:50:17,645][data_load.py 48][INFO]: 读到数据 ==>>  {'host': {'api_root_url': 'https://newrivertest.agentgo.me/dc/pc'}, 'mysql': {'MYSQL_HOST': '16.162.21.39', 'MYSQL_PORT': '13306', 'MYSQL_USER': 'root', 'MYSQL_PASSWD': 'root@123'}} 
[2022-09-16 15:50:17,647][data_load.py 44][INFO]: 加载 D:\code\newriver_api\config\config.ini 文件......
[2022-09-16 15:50:17,648][data_load.py 48][INFO]: 读到数据 ==>>  {'host': {'api_root_url': 'https://newrivertest.agentgo.me/dc/pc'}, 'mysql': {'MYSQL_HOST': '16.162.21.39', 'MYSQL_PORT': '13306', 'MYSQL_USER': 'root', 'MYSQL_PASSWD': 'root@123'}} 
[2022-09-16 15:50:17,676][data_load.py 44][INFO]: 加载 D:\code\newriver_api\config\config.ini 文件......
[2022-09-16 15:50:17,680][data_load.py 48][INFO]: 读到数据 ==>>  {'host': {'api_root_url': 'https://newrivertest.agentgo.me/dc/pc'}, 'mysql': {'MYSQL_HOST': '16.162.21.39', 'MYSQL_PORT': '13306', 'MYSQL_USER': 'root', 'MYSQL_PASSWD': 'root@123'}} 
[2022-09-16 15:50:18,019][data_load.py 30][INFO]: 加载 D:\code\newriver_api\data\test_collection.yaml 文件......
[2022-09-16 15:50:18,023][data_load.py 33][INFO]: 读到数据 ==>>  {'count_collection_num': [{'count_num': 2996}], 'ethereum': [{'timeRange': 'ONE_DAY', 'type': 'TRANSACTION_FEE_ETH', 'code': 200, 'countValue': 465.2264229546994, 'date': '2022-09-14', 'message': '操作成功'}], 'buy_and_trade_app': [{'collectionUuid': 100001, 'execute_sql': ['select * from `hk-manhattan`.chain_collection_statistics where collection_uuid = "100001"', 'select * from `hk-manhattan`.chain_collection_statistics where collection_uuid = "100002"'], 'message': ''}, {'collectionUuid': 100002, 'execute_sql': ['select * from `hk-manhattan`.chain_collection_statistics where collection_uuid = "100002"', 'select * from `hk-manhattan`.chain_collection_statistics where collection_uuid = "100001"'], 'message': ''}]} 
[2022-09-16 15:50:18,024][data_load.py 30][INFO]: 加载 D:\code\newriver_api\data\test_collection.yaml 文件......
[2022-09-16 15:50:18,029][data_load.py 33][INFO]: 读到数据 ==>>  {'count_collection_num': [{'count_num': 2996}], 'ethereum': [{'timeRange': 'ONE_DAY', 'type': 'TRANSACTION_FEE_ETH', 'code': 200, 'countValue': 465.2264229546994, 'date': '2022-09-14', 'message': '操作成功'}], 'buy_and_trade_app': [{'collectionUuid': 100001, 'execute_sql': ['select * from `hk-manhattan`.chain_collection_statistics where collection_uuid = "100001"', 'select * from `hk-manhattan`.chain_collection_statistics where collection_uuid = "100002"'], 'message': ''}, {'collectionUuid': 100002, 'execute_sql': ['select * from `hk-manhattan`.chain_collection_statistics where collection_uuid = "100002"', 'select * from `hk-manhattan`.chain_collection_statistics where collection_uuid = "100001"'], 'message': ''}]} 
[2022-09-16 15:50:18,030][data_load.py 30][INFO]: 加载 D:\code\newriver_api\data\test_collection.yaml 文件......
[2022-09-16 15:50:18,033][data_load.py 33][INFO]: 读到数据 ==>>  {'count_collection_num': [{'count_num': 2996}], 'ethereum': [{'timeRange': 'ONE_DAY', 'type': 'TRANSACTION_FEE_ETH', 'code': 200, 'countValue': 465.2264229546994, 'date': '2022-09-14', 'message': '操作成功'}], 'buy_and_trade_app': [{'collectionUuid': 100001, 'execute_sql': ['select * from `hk-manhattan`.chain_collection_statistics where collection_uuid = "100001"', 'select * from `hk-manhattan`.chain_collection_statistics where collection_uuid = "100002"'], 'message': ''}, {'collectionUuid': 100002, 'execute_sql': ['select * from `hk-manhattan`.chain_collection_statistics where collection_uuid = "100002"', 'select * from `hk-manhattan`.chain_collection_statistics where collection_uuid = "100001"'], 'message': ''}]} 
[2022-09-16 15:50:19,293][base_api.py 70][INFO]: 接口请求地址 ==>> https://newrivertest.agentgo.me/dc/pc/collection/marketCapAndVolume/app
[2022-09-16 15:50:19,294][base_api.py 72][INFO]: 接口请求方式 ==>> GET
[2022-09-16 15:50:19,294][base_api.py 77][INFO]: 接口请求 params 参数 ==>> {
    "timeType": "ONE_DAY"
}
[2022-09-16 15:50:19,294][base_api.py 83][INFO]: 接口上传附件 files 参数 ==>> {'timeType': 'ONE_DAY'}
[2022-09-16 15:50:19,294][base_api.py 85][INFO]: 接口 cookies 参数 ==>> {
    "timeType": "ONE_DAY"
}
[2022-09-16 16:03:28,747][data_load.py 44][INFO]: 加载 D:\code\newriver_api\config\config.ini 文件......
[2022-09-16 16:03:28,747][data_load.py 48][INFO]: 读到数据 ==>>  {'host': {'api_root_url': 'https://newrivertest.agentgo.me/dc/pc'}, 'mysql': {'MYSQL_HOST': '16.162.21.39', 'MYSQL_PORT': '13306', 'MYSQL_USER': 'root', 'MYSQL_PASSWD': 'root@123'}} 
[2022-09-16 16:03:28,748][data_load.py 44][INFO]: 加载 D:\code\newriver_api\config\config.ini 文件......
[2022-09-16 16:03:28,749][data_load.py 48][INFO]: 读到数据 ==>>  {'host': {'api_root_url': 'https://newrivertest.agentgo.me/dc/pc'}, 'mysql': {'MYSQL_HOST': '16.162.21.39', 'MYSQL_PORT': '13306', 'MYSQL_USER': 'root', 'MYSQL_PASSWD': 'root@123'}} 
[2022-09-16 16:03:28,777][data_load.py 44][INFO]: 加载 D:\code\newriver_api\config\config.ini 文件......
[2022-09-16 16:03:28,789][data_load.py 48][INFO]: 读到数据 ==>>  {'host': {'api_root_url': 'https://newrivertest.agentgo.me/dc/pc'}, 'mysql': {'MYSQL_HOST': '16.162.21.39', 'MYSQL_PORT': '13306', 'MYSQL_USER': 'root', 'MYSQL_PASSWD': 'root@123'}} 
[2022-09-16 16:03:29,116][data_load.py 30][INFO]: 加载 D:\code\newriver_api\data\test_collection.yaml 文件......
[2022-09-16 16:03:29,120][data_load.py 33][INFO]: 读到数据 ==>>  {'count_collection_num': [{'count_num': 2996}], 'ethereum': [{'timeRange': 'ONE_DAY', 'type': 'TRANSACTION_FEE_ETH', 'code': 200, 'countValue': 465.2264229546994, 'date': '2022-09-14', 'message': '操作成功'}], 'buy_and_trade_app': [{'collectionUuid': 100001, 'execute_sql': ['select * from `hk-manhattan`.chain_collection_statistics where collection_uuid = "100001"', 'select * from `hk-manhattan`.chain_collection_statistics where collection_uuid = "100002"'], 'message': ''}, {'collectionUuid': 100002, 'execute_sql': ['select * from `hk-manhattan`.chain_collection_statistics where collection_uuid = "100002"', 'select * from `hk-manhattan`.chain_collection_statistics where collection_uuid = "100001"'], 'message': ''}]} 
[2022-09-16 16:03:29,121][data_load.py 30][INFO]: 加载 D:\code\newriver_api\data\test_collection.yaml 文件......
[2022-09-16 16:03:29,124][data_load.py 33][INFO]: 读到数据 ==>>  {'count_collection_num': [{'count_num': 2996}], 'ethereum': [{'timeRange': 'ONE_DAY', 'type': 'TRANSACTION_FEE_ETH', 'code': 200, 'countValue': 465.2264229546994, 'date': '2022-09-14', 'message': '操作成功'}], 'buy_and_trade_app': [{'collectionUuid': 100001, 'execute_sql': ['select * from `hk-manhattan`.chain_collection_statistics where collection_uuid = "100001"', 'select * from `hk-manhattan`.chain_collection_statistics where collection_uuid = "100002"'], 'message': ''}, {'collectionUuid': 100002, 'execute_sql': ['select * from `hk-manhattan`.chain_collection_statistics where collection_uuid = "100002"', 'select * from `hk-manhattan`.chain_collection_statistics where collection_uuid = "100001"'], 'message': ''}]} 
[2022-09-16 16:03:29,125][data_load.py 30][INFO]: 加载 D:\code\newriver_api\data\test_collection.yaml 文件......
[2022-09-16 16:03:29,129][data_load.py 33][INFO]: 读到数据 ==>>  {'count_collection_num': [{'count_num': 2996}], 'ethereum': [{'timeRange': 'ONE_DAY', 'type': 'TRANSACTION_FEE_ETH', 'code': 200, 'countValue': 465.2264229546994, 'date': '2022-09-14', 'message': '操作成功'}], 'buy_and_trade_app': [{'collectionUuid': 100001, 'execute_sql': ['select * from `hk-manhattan`.chain_collection_statistics where collection_uuid = "100001"', 'select * from `hk-manhattan`.chain_collection_statistics where collection_uuid = "100002"'], 'message': ''}, {'collectionUuid': 100002, 'execute_sql': ['select * from `hk-manhattan`.chain_collection_statistics where collection_uuid = "100002"', 'select * from `hk-manhattan`.chain_collection_statistics where collection_uuid = "100001"'], 'message': ''}]} 
[2022-09-16 16:03:30,073][base_api.py 70][INFO]: 接口请求地址 ==>> https://newrivertest.agentgo.me/dc/pc/collection/marketCapAndVolume/app
[2022-09-16 16:03:30,073][base_api.py 72][INFO]: 接口请求方式 ==>> GET
[2022-09-16 16:03:30,074][base_api.py 77][INFO]: 接口请求 params 参数 ==>> {
    "timeType": "ONE_DAY",
    "_t": "1663313761"
}
[2022-09-16 16:03:30,074][base_api.py 83][INFO]: 接口上传附件 files 参数 ==>> {'timeType': 'ONE_DAY', '_t': '1663313761'}
[2022-09-16 16:03:30,074][base_api.py 85][INFO]: 接口 cookies 参数 ==>> {
    "timeType": "ONE_DAY",
    "_t": "1663313761"
}
